This is pdfTeXk, Version 3.141592-1.40.3 (Web2C 7.5.6) (format=latex 2014.10.29)  18 MAY 2015 22:31
entering extended mode
 %&-line parsing enabled.
**\makeatletter\def\HCode{\futurelet\HCode\HChar}\def\HChar{\ifx"\HCode\def\HCo
de"##1"{\Link##1}\expandafter\HCode\else\expandafter\Link\fi}\def\Link#1.a.b.c.
{\g@addto@macro\@documentclasshook{\RequirePackage[#1,html]{tex4ht}}\let\HCode\
documentstyle\def\documentstyle{\let\documentstyle\HCode\expandafter\def\csname
 tex4ht\endcsname{#1,html}\def\HCode####1{\documentstyle[tex4ht,}\@ifnextchar[{
\HCode}{\documentstyle[tex4ht]}}}\makeatother\HCode ../../stylesheets/myconfig.
cfg, charset=utf-8.a.b.c.\input  main

! Emergency stop.
<*> ...onfig.cfg, charset=utf-8.a.b.c.\input  main
                                                  
End of file on the terminal!

 
Here is how much of TeX's memory you used:
 6 strings out of 256217
 125 string characters out of 1917094
 48804 words of memory out of 1500000
 3393 multiletter control sequences out of 10000+200000
 3640 words of font info for 14 fonts, out of 1200000 for 2000
 645 hyphenation exceptions out of 8191
 4i,0n,3p,1b,8s stack positions out of 5000i,500n,6000p,200000b,15000s
No pages of output.
